c:\users\sayonara\documents\opengl\opengl_lessons\opengl_lesson3\x64\debug\vc143.pdb
c:\users\sayonara\documents\opengl\opengl_lessons\opengl_lesson3\x64\debug\vc143.idb
c:\users\sayonara\documents\opengl\opengl_lessons\opengl_lesson3\x64\debug\timemanager.obj
c:\users\sayonara\documents\opengl\opengl_lessons\opengl_lesson3\x64\debug\scene.obj
c:\users\sayonara\documents\opengl\opengl_lessons\opengl_lesson3\x64\debug\ccube.obj
c:\users\sayonara\documents\opengl\opengl_lessons\opengl_lesson3\x64\debug\componenttransform.obj
c:\users\sayonara\documents\opengl\opengl_lessons\opengl_lesson3\x64\debug\openglmainclass.obj
c:\users\sayonara\documents\opengl\opengl_lessons\opengl_lesson3\x64\debug\scenehandler.obj
c:\users\sayonara\documents\opengl\opengl_lessons\opengl_lesson3\x64\debug\mousehandler.obj
c:\users\sayonara\documents\opengl\opengl_lessons\opengl_lesson3\x64\debug\keyboardhandler.obj
c:\users\sayonara\documents\opengl\opengl_lessons\opengl_lesson3\x64\debug\displayhandler.obj
c:\users\sayonara\documents\opengl\opengl_lessons\opengl_lesson3\x64\debug\lesson3.obj
c:\users\sayonara\documents\opengl\opengl_lessons\x64\debug\opengl_lesson3.exe
c:\users\sayonara\documents\opengl\opengl_lessons\opengl_lesson3\x64\debug\opengl_lesson3.ilk
c:\users\sayonara\documents\opengl\opengl_lessons\x64\debug\opengl_lesson3.pdb
c:\users\sayonara\documents\opengl\opengl_lessons\opengl_lesson3\x64\debug\vc141.idb
c:\users\sayonara\documents\opengl\opengl_lessons\opengl_lesson3\x64\debug\vc141.pdb
c:\users\sayonara\documents\opengl\opengl_lessons\x64\debug\opengl_lesson3.ilk
c:\users\sayonara\documents\opengl\opengl_lessons\opengl_lesson3\x64\debug\opengl_lesson3.tlog\cl.command.1.tlog
c:\users\sayonara\documents\opengl\opengl_lessons\opengl_lesson3\x64\debug\opengl_lesson3.tlog\cl.read.1.tlog
c:\users\sayonara\documents\opengl\opengl_lessons\opengl_lesson3\x64\debug\opengl_lesson3.tlog\cl.write.1.tlog
c:\users\sayonara\documents\opengl\opengl_lessons\opengl_lesson3\x64\debug\opengl_lesson3.tlog\link.command.1.tlog
c:\users\sayonara\documents\opengl\opengl_lessons\opengl_lesson3\x64\debug\opengl_lesson3.tlog\link.read.1.tlog
c:\users\sayonara\documents\opengl\opengl_lessons\opengl_lesson3\x64\debug\opengl_lesson3.tlog\link.write.1.tlog
